#
# There is insufficient memory for the Java Runtime Environment to continue.
# Native memory allocation (malloc) failed to allocate 32744 bytes for ChunkPool::allocate
# Possible reasons:
#   The system is out of physical RAM or swap space
#   The process is running with CompressedOops enabled, and the Java Heap may be blocking the growth of the native heap
# Possible solutions:
#   Reduce memory load on the system
#   Increase physical memory or swap space
#   Check if swap backing store is full
#   Decrease Java heap size (-Xmx/-Xms)
#   Decrease number of Java threads
#   Decrease Java thread stack sizes (-Xss)
#   Set larger code cache with -XX:ReservedCodeCacheSize=
#   JVM is running with Unscaled Compressed Oops mode in which the Java heap is
#     placed in the first 4GB address space. The Java Heap base address is the
#     maximum limit for the native heap growth. Please use -XX:HeapBaseMinAddress
#     to set the Java Heap base and to place the Java Heap above 4GB virtual address.
# This output file may be truncated or incomplete.
#
#  Out of Memory Error (./src/hotspot/share/memory/arena.cpp:81), pid=7992, tid=764
#
# JRE version: OpenJDK Runtime Environment (11.0.10) (build 11.0.10+0-b96-7249189)
# Java VM: OpenJDK 64-Bit Server VM (11.0.10+0-b96-7249189, mixed mode, tiered, compressed oops, g1 gc, windows-amd64)
# No core dump will be written. Minidumps are not enabled by default on client versions of Windows
#

---------------  S U M M A R Y ------------

Command Line: --add-opens=java.base/java.util=ALL-UNNAMED --add-opens=java.base/java.lang=ALL-UNNAMED --add-opens=java.base/java.lang.invoke=ALL-UNNAMED --add-opens=java.base/java.util=ALL-UNNAMED --add-opens=java.prefs/java.util.prefs=ALL-UNNAMED --add-opens=java.prefs/java.util.prefs=ALL-UNNAMED --add-opens=java.base/java.nio.charset=ALL-UNNAMED --add-opens=java.base/java.net=ALL-UNNAMED --add-opens=java.base/java.util.concurrent.atomic=ALL-UNNAMED -Xmx1024m -Dfile.encoding=UTF-8 -Duser.country=ID -Duser.language=en -Duser.variant org.gradle.launcher.daemon.bootstrap.GradleDaemon 7.0.2

Host: Intel(R) Core(TM) i7-10700 CPU @ 2.90GHz, 2 cores, 4G,  Windows 10 , 64 bit Build 19041 (10.0.19041.1348)
Time: Sun Nov 21 20:37:26 2021 SE Asia Standard Time elapsed time: 15.645290 seconds (0d 0h 0m 15s)

---------------  T H R E A D  ---------------

Current thread (0x0000028efdafc800):  JavaThread "C2 CompilerThread0" daemon [_thread_in_native, id=764, stack(0x0000009797e00000,0x0000009797f00000)]


Current CompileTask:
C2:  15645 5642       4       org.objectweb.asm.SymbolTable::addConstantMemberReference (147 bytes)

Stack: [0x0000009797e00000,0x0000009797f00000]
Native frames: (J=compiled Java code, j=interpreted, Vv=VM code, C=native code)
V  [jvm.dll+0x5ecfaa]
V  [jvm.dll+0x722bd5]
V  [jvm.dll+0x72412d]
V  [jvm.dll+0x7247e3]
V  [jvm.dll+0x242928]
V  [jvm.dll+0xbc75b]
V  [jvm.dll+0xbca0c]
V  [jvm.dll+0xbc608]
V  [jvm.dll+0x5cc470]
V  [jvm.dll+0x61cfce]
V  [jvm.dll+0x1980d8]
V  [jvm.dll+0x1fb70e]
V  [jvm.dll+0x1fa7f4]
V  [jvm.dll+0x18354c]
V  [jvm.dll+0x208ee7]
V  [jvm.dll+0x207731]
V  [jvm.dll+0x6eb1cf]
V  [jvm.dll+0x6e3d45]
V  [jvm.dll+0x5ebe96]
C  [ucrtbase.dll+0x21bb2]
C  [KERNEL32.DLL+0x17034]
C  [ntdll.dll+0x52651]


---------------  P R O C E S S  ---------------

Threads class SMR info:
_java_thread_list=0x0000028e827c8a20, length=37, elements={
0x0000028ee5a2a000, 0x0000028efda96000, 0x0000028efda98000, 0x0000028efdab4800,
0x0000028efdab6800, 0x0000028efdaf9800, 0x0000028efdafc800, 0x0000028efdafd800,
0x0000028efdc60800, 0x0000028efdd67000, 0x0000028eff5c3800, 0x0000028eff780000,
0x0000028efed4f000, 0x0000028eff805800, 0x0000028efeae5800, 0x0000028eff3cf000,
0x0000028efeb1e000, 0x0000028e800a0000, 0x0000028e8009c000, 0x0000028e8009e800,
0x0000028e800a1000, 0x0000028e8009b800, 0x0000028e8009f800, 0x0000028e8009d000,
0x0000028e8009d800, 0x0000028e800a2000, 0x0000028e805d5800, 0x0000028e805cf800,
0x0000028e805d2000, 0x0000028e805d6000, 0x0000028e805d0800, 0x0000028e805d7000,
0x0000028e805d1000, 0x0000028e805d3000, 0x0000028e805db000, 0x0000028e805dc000,
0x0000028e805d8800
}

Java Threads: ( => current thread )
  0x0000028ee5a2a000 JavaThread "main" [_thread_blocked, id=2556, stack(0x0000009797200000,0x0000009797300000)]
  0x0000028efda96000 JavaThread "Reference Handler" daemon [_thread_blocked, id=7264, stack(0x0000009797900000,0x0000009797a00000)]
  0x0000028efda98000 JavaThread "Finalizer" daemon [_thread_blocked, id=7236, stack(0x0000009797a00000,0x0000009797b00000)]
  0x0000028efdab4800 JavaThread "Signal Dispatcher" daemon [_thread_blocked, id=7660, stack(0x0000009797b00000,0x0000009797c00000)]
  0x0000028efdab6800 JavaThread "Attach Listener" daemon [_thread_blocked, id=6796, stack(0x0000009797c00000,0x0000009797d00000)]
  0x0000028efdaf9800 JavaThread "Service Thread" daemon [_thread_blocked, id=5012, stack(0x0000009797d00000,0x0000009797e00000)]
=>0x0000028efdafc800 JavaThread "C2 CompilerThread0" daemon [_thread_in_native, id=764, stack(0x0000009797e00000,0x0000009797f00000)]
  0x0000028efdafd800 JavaThread "C1 CompilerThread0" daemon [_thread_blocked, id=2780, stack(0x0000009797f00000,0x0000009798000000)]
  0x0000028efdc60800 JavaThread "Sweeper thread" daemon [_thread_blocked, id=3756, stack(0x0000009798000000,0x0000009798100000)]
  0x0000028efdd67000 JavaThread "Common-Cleaner" daemon [_thread_blocked, id=5344, stack(0x0000009798100000,0x0000009798200000)]
  0x0000028eff5c3800 JavaThread "Daemon health stats" [_thread_blocked, id=3140, stack(0x0000009798400000,0x0000009798500000)]
  0x0000028eff780000 JavaThread "Incoming local TCP Connector on port 64371" [_thread_in_native, id=3980, stack(0x0000009798500000,0x0000009798600000)]
  0x0000028efed4f000 JavaThread "Daemon periodic checks" [_thread_blocked, id=7020, stack(0x0000009798600000,0x0000009798700000)]
  0x0000028eff805800 JavaThread "Daemon" [_thread_blocked, id=2276, stack(0x0000009798700000,0x0000009798800000)]
  0x0000028efeae5800 JavaThread "Handler for socket connection from /127.0.0.1:64371 to /127.0.0.1:64372" [_thread_in_native, id=3632, stack(0x0000009798800000,0x0000009798900000)]
  0x0000028eff3cf000 JavaThread "Cancel handler" [_thread_blocked, id=1756, stack(0x0000009798900000,0x0000009798a00000)]
  0x0000028efeb1e000 JavaThread "Daemon worker" [_thread_in_native, id=844, stack(0x0000009798a00000,0x0000009798b00000)]
  0x0000028e800a0000 JavaThread "Asynchronous log dispatcher for DefaultDaemonConnection: socket connection from /127.0.0.1:64371 to /127.0.0.1:64372" [_thread_blocked, id=7240, stack(0x0000009798b00000,0x0000009798c00000)]
  0x0000028e8009c000 JavaThread "Stdin handler" [_thread_blocked, id=1692, stack(0x0000009798c00000,0x0000009798d00000)]
  0x0000028e8009e800 JavaThread "Daemon client event forwarder" [_thread_blocked, id=4676, stack(0x0000009798d00000,0x0000009798e00000)]
  0x0000028e800a1000 JavaThread "Cache worker for file hash cache (C:\Users\Mr. Fathur\.gradle\caches\7.0.2\fileHashes)" [_thread_blocked, id=6616, stack(0x0000009798e00000,0x0000009798f00000)]
  0x0000028e8009b800 JavaThread "File lock request listener" [_thread_in_native, id=6644, stack(0x0000009798f00000,0x0000009799000000)]
  0x0000028e8009f800 JavaThread "Cache worker for journal cache (C:\Users\Mr. Fathur\.gradle\caches\journal-1)" [_thread_blocked, id=4852, stack(0x0000009799000000,0x0000009799100000)]
  0x0000028e8009d000 JavaThread "Cache worker for file hash cache (C:\Users\Public\AndroidStudioProjects\HelloWorld\.gradle\7.0.2\fileHashes)" [_thread_blocked, id=6948, stack(0x0000009799100000,0x0000009799200000)]
  0x0000028e8009d800 JavaThread "File watcher server" daemon [_thread_in_native, id=6956, stack(0x0000009799200000,0x0000009799300000)]
  0x0000028e800a2000 JavaThread "File watcher consumer" daemon [_thread_blocked, id=6688, stack(0x0000009799300000,0x0000009799400000)]
  0x0000028e805d5800 JavaThread "Cache worker for checksums cache (C:\Users\Public\AndroidStudioProjects\HelloWorld\.gradle\checksums)" [_thread_blocked, id=4584, stack(0x0000009799400000,0x0000009799500000)]
  0x0000028e805cf800 JavaThread "Cache worker for cache directory md-supplier (C:\Users\Mr. Fathur\.gradle\caches\7.0.2\md-supplier)" [_thread_blocked, id=3808, stack(0x0000009799500000,0x0000009799600000)]
  0x0000028e805d2000 JavaThread "Cache worker for cache directory md-rule (C:\Users\Mr. Fathur\.gradle\caches\7.0.2\md-rule)" [_thread_blocked, id=6740, stack(0x0000009799600000,0x0000009799700000)]
  0x0000028e805d6000 JavaThread "Cache worker for execution history cache (C:\Users\Mr. Fathur\.gradle\caches\7.0.2\executionHistory)" [_thread_blocked, id=6028, stack(0x0000009799700000,0x0000009799800000)]
  0x0000028e805d0800 JavaThread "jar transforms" [_thread_blocked, id=6628, stack(0x0000009799800000,0x0000009799900000)]
  0x0000028e805d7000 JavaThread "jar transforms Thread 2" [_thread_blocked, id=6804, stack(0x0000009799900000,0x0000009799a00000)]
  0x0000028e805d1000 JavaThread "Cache worker for file content cache (C:\Users\Mr. Fathur\.gradle\caches\7.0.2\fileContent)" [_thread_blocked, id=7036, stack(0x0000009799a00000,0x0000009799b00000)]
  0x0000028e805d3000 JavaThread "Cache worker for dependencies-accessors (C:\Users\Public\AndroidStudioProjects\HelloWorld\.gradle\7.0.2\dependencies-accessors)" [_thread_blocked, id=6620, stack(0x0000009799b00000,0x0000009799c00000)]
  0x0000028e805db000 JavaThread "Cache worker for Build Output Cleanup Cache (C:\Users\Public\AndroidStudioProjects\HelloWorld\.gradle\buildOutputCleanup)" [_thread_blocked, id=6780, stack(0x0000009799c00000,0x0000009799d00000)]
  0x0000028e805dc000 JavaThread "Build operations" [_thread_blocked, id=7120, stack(0x0000009799d00000,0x0000009799e00000)]
  0x0000028e805d8800 JavaThread "Build operations Thread 2" [_thread_blocked, id=6640, stack(0x0000009799e00000,0x0000009799f00000)]

Other Threads:
  0x0000028efda8f000 VMThread "VM Thread" [stack: 0x0000009797800000,0x0000009797900000] [id=4740]
  0x0000028efddbc800 WatcherThread [stack: 0x0000009798200000,0x0000009798300000] [id=7092]
  0x0000028ee5a42000 GCTaskThread "GC Thread#0" [stack: 0x0000009797300000,0x0000009797400000] [id=1248]
  0x0000028efdfb6800 GCTaskThread "GC Thread#1" [stack: 0x0000009798300000,0x0000009798400000] [id=828]
  0x0000028ee5a5d800 ConcurrentGCThread "G1 Main Marker" [stack: 0x0000009797400000,0x0000009797500000] [id=8072]
  0x0000028ee5a5f800 ConcurrentGCThread "G1 Conc#0" [stack: 0x0000009797500000,0x0000009797600000] [id=5096]
  0x0000028ee5ab2000 ConcurrentGCThread "G1 Refine#0" [stack: 0x0000009797600000,0x0000009797700000] [id=5604]
  0x0000028ee5ab3800 ConcurrentGCThread "G1 Young RemSet Sampling" [stack: 0x0000009797700000,0x0000009797800000] [id=3680]

Threads with active compile tasks:
C2 CompilerThread0  15659 5642       4       org.objectweb.asm.SymbolTable::addConstantMemberReference (147 bytes)

VM state:not at safepoint (normal execution)

VM Mutex/Monitor currently owned by a thread: None

Heap address: 0x00000000c0000000, size: 1024 MB, Compressed Oops mode: 32-bit
Narrow klass base: 0x0000000000000000, Narrow klass shift: 3
Compressed class space size: 1073741824 Address: 0x0000000100000000

Heap:
 garbage-first heap   total 86016K, used 54702K [0x00000000c0000000, 0x0000000100000000)
  region size 1024K, 10 young (10240K), 2 survivors (2048K)
 Metaspace       used 56255K, capacity 57619K, committed 57804K, reserved 1099776K
  class space    used 7061K, capacity 7568K, committed 7628K, reserved 1048576K
Heap Regions: E=young(eden), S=young(survivor), O=old, HS=humongous(starts), HC=humongous(continues), CS=collection set, F=free, A=archive, TAMS=top-at-mark-start (previous, next)
|   0|0x00000000c0000000, 0x00000000c0100000, 0x00000000c0100000|100%| O|  |TAMS 0x00000000c0100000, 0x00000000c0000000| Untracked 
|   1|0x00000000c0100000, 0x00000000c0200000, 0x00000000c0200000|100%| O|  |TAMS 0x00000000c0200000, 0x00000000c0100000| Untracked 
|   2|0x00000000c0200000, 0x00000000c0300000, 0x00000000c0300000|100%| O|  |TAMS 0x00000000c0300000, 0x00000000c0200000| Untracked 
|   3|0x00000000c0300000, 0x00000000c0400000, 0x00000000c0400000|100%| O|  |TAMS 0x00000000c0400000, 0x00000000c0300000| Untracked 
|   4|0x00000000c0400000, 0x00000000c0500000, 0x00000000c0500000|100%|HS|  |TAMS 0x00000000c0500000, 0x00000000c0400000| Complete 
|   5|0x00000000c0500000, 0x00000000c0600000, 0x00000000c0600000|100%|HC|  |TAMS 0x00000000c0600000, 0x00000000c0500000| Complete 
|   6|0x00000000c0600000, 0x00000000c0700000, 0x00000000c0700000|100%|HC|  |TAMS 0x00000000c0700000, 0x00000000c0600000| Complete 
|   7|0x00000000c0700000, 0x00000000c0800000, 0x00000000c0800000|100%| O|  |TAMS 0x00000000c0800000, 0x00000000c0700000| Untracked 
|   8|0x00000000c0800000, 0x00000000c0900000, 0x00000000c0900000|100%| O|  |TAMS 0x00000000c0900000, 0x00000000c0800000| Untracked 
|   9|0x00000000c0900000, 0x00000000c0a00000, 0x00000000c0a00000|100%| O|  |TAMS 0x00000000c0a00000, 0x00000000c0900000| Untracked 
|  10|0x00000000c0a00000, 0x00000000c0b00000, 0x00000000c0b00000|100%| O|  |TAMS 0x00000000c0b00000, 0x00000000c0a00000| Untracked 
|  11|0x00000000c0b00000, 0x00000000c0c00000, 0x00000000c0c00000|100%| O|  |TAMS 0x00000000c0c00000, 0x00000000c0b00000| Untracked 
|  12|0x00000000c0c00000, 0x00000000c0d00000, 0x00000000c0d00000|100%| O|  |TAMS 0x00000000c0d00000, 0x00000000c0c00000| Untracked 
|  13|0x00000000c0d00000, 0x00000000c0e00000, 0x00000000c0e00000|100%| O|  |TAMS 0x00000000c0e00000, 0x00000000c0d00000| Untracked 
|  14|0x00000000c0e00000, 0x00000000c0f00000, 0x00000000c0f00000|100%| O|  |TAMS 0x00000000c0f00000, 0x00000000c0e00000| Untracked 
|  15|0x00000000c0f00000, 0x00000000c1000000, 0x00000000c1000000|100%| O|  |TAMS 0x00000000c1000000, 0x00000000c0f00000| Untracked 
|  16|0x00000000c1000000, 0x00000000c1100000, 0x00000000c1100000|100%| O|  |TAMS 0x00000000c1100000, 0x00000000c1000000| Untracked 
|  17|0x00000000c1100000, 0x00000000c1200000, 0x00000000c1200000|100%| O|  |TAMS 0x00000000c1200000, 0x00000000c1100000| Untracked 
|  18|0x00000000c1200000, 0x00000000c1300000, 0x00000000c1300000|100%| O|  |TAMS 0x00000000c1300000, 0x00000000c1200000| Untracked 
|  19|0x00000000c1300000, 0x00000000c1400000, 0x00000000c1400000|100%| O|  |TAMS 0x00000000c1400000, 0x00000000c1300000| Untracked 
|  20|0x00000000c1400000, 0x00000000c1500000, 0x00000000c1500000|100%| O|  |TAMS 0x00000000c1500000, 0x00000000c1400000| Untracked 
|  21|0x00000000c1500000, 0x00000000c1600000, 0x00000000c1600000|100%| O|  |TAMS 0x00000000c1600000, 0x00000000c1500000| Untracked 
|  22|0x00000000c1600000, 0x00000000c1700000, 0x00000000c1700000|100%| O|  |TAMS 0x00000000c1700000, 0x00000000c1600000| Untracked 
|  23|0x00000000c1700000, 0x00000000c1800000, 0x00000000c1800000|100%| O|  |TAMS 0x00000000c1800000, 0x00000000c1700000| Untracked 
|  24|0x00000000c1800000, 0x00000000c1900000, 0x00000000c1900000|100%| O|  |TAMS 0x00000000c1900000, 0x00000000c1800000| Untracked 
|  25|0x00000000c1900000, 0x00000000c1a00000, 0x00000000c1a00000|100%| O|  |TAMS 0x00000000c1a00000, 0x00000000c1900000| Untracked 
|  26|0x00000000c1a00000, 0x00000000c1b00000, 0x00000000c1b00000|100%|HS|  |TAMS 0x00000000c1b00000, 0x00000000c1a00000| Complete 
|  27|0x00000000c1b00000, 0x00000000c1c00000, 0x00000000c1c00000|100%|HS|  |TAMS 0x00000000c1c00000, 0x00000000c1b00000| Complete 
|  28|0x00000000c1c00000, 0x00000000c1d00000, 0x00000000c1d00000|100%|HS|  |TAMS 0x00000000c1d00000, 0x00000000c1c00000| Complete 
|  29|0x00000000c1d00000, 0x00000000c1e00000, 0x00000000c1e00000|100%|HS|  |TAMS 0x00000000c1e00000, 0x00000000c1d00000| Complete 
|  30|0x00000000c1e00000, 0x00000000c1f00000, 0x00000000c1f00000|100%|HC|  |TAMS 0x00000000c1f00000, 0x00000000c1e00000| Complete 
|  31|0x00000000c1f00000, 0x00000000c2000000, 0x00000000c2000000|100%|HC|  |TAMS 0x00000000c2000000, 0x00000000c1f00000| Complete 
|  32|0x00000000c2000000, 0x00000000c2100000, 0x00000000c2100000|100%|HS|  |TAMS 0x00000000c2100000, 0x00000000c2000000| Complete 
|  33|0x00000000c2100000, 0x00000000c2200000, 0x00000000c2200000|100%|HC|  |TAMS 0x00000000c2200000, 0x00000000c2100000| Complete 
|  34|0x00000000c2200000, 0x00000000c2300000, 0x00000000c2300000|100%| O|  |TAMS 0x00000000c2300000, 0x00000000c2200000| Untracked 
|  35|0x00000000c2300000, 0x00000000c2400000, 0x00000000c2400000|100%| O|  |TAMS 0x00000000c2400000, 0x00000000c2300000| Untracked 
|  36|0x00000000c2400000, 0x00000000c2500000, 0x00000000c2500000|100%| O|  |TAMS 0x00000000c2500000, 0x00000000c2400000| Untracked 
|  37|0x00000000c2500000, 0x00000000c2600000, 0x00000000c2600000|100%| O|  |TAMS 0x00000000c2600000, 0x00000000c2500000| Untracked 
|  38|0x00000000c2600000, 0x00000000c2700000, 0x00000000c2700000|100%| O|  |TAMS 0x00000000c2700000, 0x00000000c2600000| Untracked 
|  39|0x00000000c2700000, 0x00000000c2800000, 0x00000000c2800000|100%| O|  |TAMS 0x00000000c2800000, 0x00000000c2700000| Untracked 
|  40|0x00000000c2800000, 0x00000000c2900000, 0x00000000c2900000|100%| O|  |TAMS 0x00000000c2900000, 0x00000000c2800000| Untracked 
|  41|0x00000000c2900000, 0x00000000c2a00000, 0x00000000c2a00000|100%| O|  |TAMS 0x00000000c2a00000, 0x00000000c2900000| Untracked 
|  42|0x00000000c2a00000, 0x00000000c2a00000, 0x00000000c2b00000|  0%| F|  |TAMS 0x00000000c2a00000, 0x00000000c2a00000| Untracked 
|  43|0x00000000c2b00000, 0x00000000c2b00000, 0x00000000c2c00000|  0%| F|  |TAMS 0x00000000c2b00000, 0x00000000c2b00000| Untracked 
|  44|0x00000000c2c00000, 0x00000000c2c00000, 0x00000000c2d00000|  0%| F|  |TAMS 0x00000000c2c00000, 0x00000000c2c00000| Untracked 
|  45|0x00000000c2d00000, 0x00000000c2e00000, 0x00000000c2e00000|100%| O|  |TAMS 0x00000000c2e00000, 0x00000000c2d00000| Untracked 
|  46|0x00000000c2e00000, 0x00000000c2f00000, 0x00000000c2f00000|100%| O|  |TAMS 0x00000000c2f00000, 0x00000000c2e00000| Untracked 
|  47|0x00000000c2f00000, 0x00000000c2f00000, 0x00000000c3000000|  0%| F|  |TAMS 0x00000000c2f00000, 0x00000000c2f00000| Untracked 
|  48|0x00000000c3000000, 0x00000000c3000000, 0x00000000c3100000|  0%| F|  |TAMS 0x00000000c3000000, 0x00000000c3000000| Untracked 
|  49|0x00000000c3100000, 0x00000000c3200000, 0x00000000c3200000|100%| O|  |TAMS 0x00000000c3200000, 0x00000000c3100000| Untracked 
|  50|0x00000000c3200000, 0x00000000c3200000, 0x00000000c3300000|  0%| F|  |TAMS 0x00000000c3200000, 0x00000000c3200000| Untracked 
|  51|0x00000000c3300000, 0x00000000c3300000, 0x00000000c3400000|  0%| F|  |TAMS 0x00000000c3300000, 0x00000000c3300000| Untracked 
|  52|0x00000000c3400000, 0x00000000c3400000, 0x00000000c3500000|  0%| F|  |TAMS 0x00000000c3400000, 0x00000000c3400000| Untracked 
|  53|0x00000000c3500000, 0x00000000c3500000, 0x00000000c3600000|  0%| F|  |TAMS 0x00000000c3500000, 0x00000000c3500000| Untracked 
|  54|0x00000000c3600000, 0x00000000c3600000, 0x00000000c3700000|  0%| F|  |TAMS 0x00000000c3600000, 0x00000000c3600000| Untracked 
|  55|0x00000000c3700000, 0x00000000c3700000, 0x00000000c3800000|  0%| F|  |TAMS 0x00000000c3700000, 0x00000000c3700000| Untracked 
|  56|0x00000000c3800000, 0x00000000c3800000, 0x00000000c3900000|  0%| F|  |TAMS 0x00000000c3800000, 0x00000000c3800000| Untracked 
|  57|0x00000000c3900000, 0x00000000c3900000, 0x00000000c3a00000|  0%| F|  |TAMS 0x00000000c3900000, 0x00000000c3900000| Untracked 
|  58|0x00000000c3a00000, 0x00000000c3a00000, 0x00000000c3b00000|  0%| F|  |TAMS 0x00000000c3a00000, 0x00000000c3a00000| Untracked 
|  59|0x00000000c3b00000, 0x00000000c3b00000, 0x00000000c3c00000|  0%| F|  |TAMS 0x00000000c3b00000, 0x00000000c3b00000| Untracked 
|  60|0x00000000c3c00000, 0x00000000c3c6bbf8, 0x00000000c3d00000| 42%| S|CS|TAMS 0x00000000c3c00000, 0x00000000c3c00000| Complete 
|  61|0x00000000c3d00000, 0x00000000c3e00000, 0x00000000c3e00000|100%| S|CS|TAMS 0x00000000c3d00000, 0x00000000c3d00000| Complete 
|  62|0x00000000c3e00000, 0x00000000c3e00000, 0x00000000c3f00000|  0%| F|  |TAMS 0x00000000c3e00000, 0x00000000c3e00000| Untracked 
|  63|0x00000000c3f00000, 0x00000000c3f00000, 0x00000000c4000000|  0%| F|  |TAMS 0x00000000c3f00000, 0x00000000c3f00000| Untracked 
|  64|0x00000000c4000000, 0x00000000c4000000, 0x00000000c4100000|  0%| F|  |TAMS 0x00000000c4000000, 0x00000000c4000000| Untracked 
|  65|0x00000000c4100000, 0x00000000c4100000, 0x00000000c4200000|  0%| F|  |TAMS 0x00000000c4100000, 0x00000000c4100000| Untracked 
|  66|0x00000000c4200000, 0x00000000c4200000, 0x00000000c4300000|  0%| F|  |TAMS 0x00000000c4200000, 0x00000000c4200000| Untracked 
|  67|0x00000000c4300000, 0x00000000c4300000, 0x00000000c4400000|  0%| F|  |TAMS 0x00000000c4300000, 0x00000000c4300000| Untracked 
|  68|0x00000000c4400000, 0x00000000c4400000, 0x00000000c4500000|  0%| F|  |TAMS 0x00000000c4400000, 0x00000000c4400000| Untracked 
|  69|0x00000000c4500000, 0x00000000c4500000, 0x00000000c4600000|  0%| F|  |TAMS 0x00000000c4500000, 0x00000000c4500000| Untracked 
|  70|0x00000000c4600000, 0x00000000c4600000, 0x00000000c4700000|  0%| F|  |TAMS 0x00000000c4600000, 0x00000000c4600000| Untracked 
|  71|0x00000000c4700000, 0x00000000c4700000, 0x00000000c4800000|  0%| F|  |TAMS 0x00000000c4700000, 0x00000000c4700000| Untracked 
|  72|0x00000000c4800000, 0x00000000c4800000, 0x00000000c4900000|  0%| F|  |TAMS 0x00000000c4800000, 0x00000000c4800000| Untracked 
|  73|0x00000000c4900000, 0x00000000c4900000, 0x00000000c4a00000|  0%| F|  |TAMS 0x00000000c4900000, 0x00000000c4900000| Untracked 
|  74|0x00000000c4a00000, 0x00000000c4a00000, 0x00000000c4b00000|  0%| F|  |TAMS 0x00000000c4a00000, 0x00000000c4a00000| Untracked 
|  75|0x00000000c4b00000, 0x00000000c4b00000, 0x00000000c4c00000|  0%| F|  |TAMS 0x00000000c4b00000, 0x00000000c4b00000| Untracked 
|  76|0x00000000c4c00000, 0x00000000c4c71f98, 0x00000000c4d00000| 44%| E|  |TAMS 0x00000000c4c00000, 0x00000000c4c00000| Complete 
|  77|0x00000000c4d00000, 0x00000000c4e00000, 0x00000000c4e00000|100%| E|CS|TAMS 0x00000000c4d00000, 0x00000000c4d00000| Complete 
|  78|0x00000000c4e00000, 0x00000000c4f00000, 0x00000000c4f00000|100%| E|CS|TAMS 0x00000000c4e00000, 0x00000000c4e00000| Complete 
|  79|0x00000000c4f00000, 0x00000000c5000000, 0x00000000c5000000|100%| E|CS|TAMS 0x00000000c4f00000, 0x00000000c4f00000| Complete 
|  80|0x00000000c5000000, 0x00000000c5100000, 0x00000000c5100000|100%| E|CS|TAMS 0x00000000c5000000, 0x00000000c5000000| Complete 
|  81|0x00000000c5100000, 0x00000000c5200000, 0x00000000c5200000|100%| E|CS|TAMS 0x00000000c5100000, 0x00000000c5100000| Complete 
|  82|0x00000000c5200000, 0x00000000c5300000, 0x00000000c5300000|100%| E|CS|TAMS 0x00000000c5200000, 0x00000000c5200000| Complete 
|  83|0x00000000c5300000, 0x00000000c5400000, 0x00000000c5400000|100%| E|CS|TAMS 0x00000000c5300000, 0x00000000c5300000| Complete 

Card table byte_map: [0x0000028ef8b20000,0x0000028ef8d20000] _byte_map_base: 0x0000028ef8520000

Marking Bits (Prev, Next): (CMBitMap*) 0x0000028ee5a58e00, (CMBitMap*) 0x0000028ee5a58dc8
 Prev Bits: [0x0000028ef9f20000, 0x0000028efaf20000)
 Next Bits: [0x0000028ef8f20000, 0x0000028ef9f20000)

Polling page: 0x0000028ee41c0000

Metaspace:

Usage:
  Non-class:     48.88 MB capacity,    48.05 MB ( 98%) used,   701.15 KB (  1%) free+waste,   142.25 KB ( <1%) overhead. 
      Class:      7.39 MB capacity,     6.90 MB ( 93%) used,   438.83 KB (  6%) free+waste,    66.69 KB ( <1%) overhead. 
       Both:     56.27 MB capacity,    54.95 MB ( 98%) used,     1.11 MB (  2%) free+waste,   208.94 KB ( <1%) overhead. 

Virtual space:
  Non-class space:       50.00 MB reserved,      49.00 MB ( 98%) committed 
      Class space:        1.00 GB reserved,       7.45 MB ( <1%) committed 
             Both:        1.05 GB reserved,      56.45 MB (  5%) committed 

Chunk freelists:
   Non-Class:  61.00 KB
       Class:  16.00 KB
        Both:  77.00 KB

MaxMetaspaceSize: 17179869184.00 GB
CompressedClassSpaceSize: 1.00 GB

CodeHeap 'non-profiled nmethods': size=120064Kb used=2993Kb max_used=2993Kb free=117071Kb
 bounds [0x0000028ef0fe0000, 0x0000028ef12d0000, 0x0000028ef8520000]
CodeHeap 'profiled nmethods': size=120000Kb used=12413Kb max_used=12413Kb free=107586Kb
 bounds [0x0000028ee9ab0000, 0x0000028eea6d0000, 0x0000028ef0fe0000]
CodeHeap 'non-nmethods': size=5696Kb used=2236Kb max_used=2258Kb free=3459Kb
 bounds [0x0000028ee9520000, 0x0000028ee9790000, 0x0000028ee9ab0000]
 total_blobs=6586 nmethods=5770 adapters=727
 compilation: enabled
              stopped_count=0, restarted_count=0
 full_count=0

Compilation events (20 events):
Event: 15.638 Thread 0x0000028efdafd800 5768       3       org.gradle.api.internal.provider.AbstractMinimalProvider::asSupplier (96 bytes)
Event: 15.639 Thread 0x0000028efdafd800 nmethod 5768 0x0000028eea6cbb10 code [0x0000028eea6cbea0, 0x0000028eea6cd718]
Event: 15.639 Thread 0x0000028efdafd800 5769       3       java.lang.reflect.AccessibleObject::slowVerifyAccess (62 bytes)
Event: 15.639 Thread 0x0000028efdafd800 nmethod 5769 0x0000028eea6cde90 code [0x0000028eea6ce0a0, 0x0000028eea6ce7f8]
Event: 15.639 Thread 0x0000028efdafd800 5770       3       com.google.common.reflect.Types$ParameterizedTypeImpl::getActualTypeArguments (8 bytes)
Event: 15.639 Thread 0x0000028efdafd800 nmethod 5770 0x0000028eea6ce990 code [0x0000028eea6ceb80, 0x0000028eea6cf058]
Event: 15.639 Thread 0x0000028efdafd800 5771       1       org.gradle.api.internal.provider.sources.AbstractPropertyValueSource$Parameters_Decorated::getModelIdentityDisplayName (5 bytes)
Event: 15.639 Thread 0x0000028efdafd800 nmethod 5771 0x0000028ef12cb210 code [0x0000028ef12cb3c0, 0x0000028ef12cb478]
Event: 15.639 Thread 0x0000028efdafd800 5772       1       org.gradle.api.internal.provider.sources.AbstractPropertyValueSource$Parameters_Decorated::isImmutable (3 bytes)
Event: 15.639 Thread 0x0000028efdafd800 nmethod 5772 0x0000028ef12cb510 code [0x0000028ef12cb6c0, 0x0000028ef12cb778]
Event: 15.639 Thread 0x0000028efdafd800 5773       1       org.gradle.api.internal.provider.sources.AbstractPropertyValueSource$Parameters_Decorated::publicType (3 bytes)
Event: 15.639 Thread 0x0000028efdafd800 nmethod 5773 0x0000028ef12cb810 code [0x0000028ef12cb9c0, 0x0000028ef12cba78]
Event: 15.639 Thread 0x0000028efdafd800 5774       1       org.gradle.initialization.DefaultGradlePropertiesController::access$200 (5 bytes)
Event: 15.640 Thread 0x0000028efdafd800 nmethod 5774 0x0000028ef12cbb10 code [0x0000028ef12cbcc0, 0x0000028ef12cbd58]
Event: 15.640 Thread 0x0000028efdafd800 5775       1       org.gradle.initialization.DefaultGradlePropertiesController$Loaded::gradleProperties (5 bytes)
Event: 15.640 Thread 0x0000028efdafd800 nmethod 5775 0x0000028ef12cbe10 code [0x0000028ef12cbfc0, 0x0000028ef12cc078]
Event: 15.640 Thread 0x0000028efdafd800 5776       1       com.android.build.gradle.options.BooleanOption::getPropertyName (5 bytes)
Event: 15.640 Thread 0x0000028efdafd800 nmethod 5776 0x0000028ef12cc110 code [0x0000028ef12cc2c0, 0x0000028ef12cc378]
Event: 15.640 Thread 0x0000028efdafd800 5777       3       com.google.common.collect.AbstractIndexedListIterator::hasNext (17 bytes)
Event: 15.640 Thread 0x0000028efdafd800 nmethod 5777 0x0000028eea6cf210 code [0x0000028eea6cf3c0, 0x0000028eea6cf518]

GC Heap History (20 events):
Event: 10.675 GC heap before
{Heap before GC invocations=8 (full 0):
 garbage-first heap   total 86016K, used 56050K [0x00000000c0000000, 0x0000000100000000)
  region size 1024K, 39 young (39936K), 3 survivors (3072K)
 Metaspace       used 33968K, capacity 34741K, committed 34944K, reserved 1079296K
  class space    used 4406K, capacity 4710K, committed 4736K, reserved 1048576K
}
Event: 10.688 GC heap after
{Heap after GC invocations=9 (full 0):
 garbage-first heap   total 86016K, used 21767K [0x00000000c0000000, 0x0000000100000000)
  region size 1024K, 5 young (5120K), 5 survivors (5120K)
 Metaspace       used 33968K, capacity 34741K, committed 34944K, reserved 1079296K
  class space    used 4406K, capacity 4710K, committed 4736K, reserved 1048576K
}
Event: 11.025 GC heap before
{Heap before GC invocations=9 (full 0):
 garbage-first heap   total 86016K, used 25863K [0x00000000c0000000, 0x0000000100000000)
  region size 1024K, 11 young (11264K), 5 survivors (5120K)
 Metaspace       used 34936K, capacity 35750K, committed 35840K, reserved 1081344K
  class space    used 4532K, capacity 4833K, committed 4864K, reserved 1048576K
}
Event: 11.032 GC heap after
{Heap after GC invocations=10 (full 0):
 garbage-first heap   total 86016K, used 23029K [0x00000000c0000000, 0x0000000100000000)
  region size 1024K, 2 young (2048K), 2 survivors (2048K)
 Metaspace       used 34936K, capacity 35750K, committed 35840K, reserved 1081344K
  class space    used 4532K, capacity 4833K, committed 4864K, reserved 1048576K
}
Event: 11.821 GC heap before
{Heap before GC invocations=11 (full 0):
 garbage-first heap   total 86016K, used 51701K [0x00000000c0000000, 0x0000000100000000)
  region size 1024K, 30 young (30720K), 2 survivors (2048K)
 Metaspace       used 37067K, capacity 37982K, committed 38220K, reserved 1083392K
  class space    used 4784K, capacity 5124K, committed 5196K, reserved 1048576K
}
Event: 11.826 GC heap after
{Heap after GC invocations=12 (full 0):
 garbage-first heap   total 86016K, used 24529K [0x00000000c0000000, 0x0000000100000000)
  region size 1024K, 3 young (3072K), 3 survivors (3072K)
 Metaspace       used 37067K, capacity 37982K, committed 38220K, reserved 1083392K
  class space    used 4784K, capacity 5124K, committed 5196K, reserved 1048576K
}
Event: 12.324 GC heap before
{Heap before GC invocations=12 (full 0):
 garbage-first heap   total 86016K, used 58321K [0x00000000c0000000, 0x0000000100000000)
  region size 1024K, 33 young (33792K), 3 survivors (3072K)
 Metaspace       used 39486K, capacity 40346K, committed 40524K, reserved 1085440K
  class space    used 5025K, capacity 5357K, committed 5452K, reserved 1048576K
}
Event: 12.330 GC heap after
{Heap after GC invocations=13 (full 0):
 garbage-first heap   total 86016K, used 26487K [0x00000000c0000000, 0x0000000100000000)
  region size 1024K, 5 young (5120K), 5 survivors (5120K)
 Metaspace       used 39486K, capacity 40346K, committed 40524K, reserved 1085440K
  class space    used 5025K, capacity 5357K, committed 5452K, reserved 1048576K
}
Event: 13.044 GC heap before
{Heap before GC invocations=13 (full 0):
 garbage-first heap   total 86016K, used 57207K [0x00000000c0000000, 0x0000000100000000)
  region size 1024K, 35 young (35840K), 5 survivors (5120K)
 Metaspace       used 42748K, capacity 43726K, committed 43980K, reserved 1087488K
  class space    used 5415K, capacity 5753K, committed 5836K, reserved 1048576K
}
Event: 13.050 GC heap after
{Heap after GC invocations=14 (full 0):
 garbage-first heap   total 86016K, used 27808K [0x00000000c0000000, 0x0000000100000000)
  region size 1024K, 4 young (4096K), 4 survivors (4096K)
 Metaspace       used 42748K, capacity 43726K, committed 43980K, reserved 1087488K
  class space    used 5415K, capacity 5753K, committed 5836K, reserved 1048576K
}
Event: 13.321 GC heap before
{Heap before GC invocations=14 (full 0):
 garbage-first heap   total 86016K, used 59552K [0x00000000c0000000, 0x0000000100000000)
  region size 1024K, 35 young (35840K), 4 survivors (4096K)
 Metaspace       used 45098K, capacity 46238K, committed 46412K, reserved 1089536K
  class space    used 5781K, capacity 6188K, committed 6220K, reserved 1048576K
}
Event: 13.328 GC heap after
{Heap after GC invocations=15 (full 0):
 garbage-first heap   total 86016K, used 29105K [0x00000000c0000000, 0x0000000100000000)
  region size 1024K, 3 young (3072K), 3 survivors (3072K)
 Metaspace       used 45098K, capacity 46238K, committed 46412K, reserved 1089536K
  class space    used 5781K, capacity 6188K, committed 6220K, reserved 1048576K
}
Event: 14.206 GC heap before
{Heap before GC invocations=15 (full 0):
 garbage-first heap   total 86016K, used 60849K [0x00000000c0000000, 0x0000000100000000)
  region size 1024K, 35 young (35840K), 3 survivors (3072K)
 Metaspace       used 47081K, capacity 48231K, committed 48460K, reserved 1091584K
  class space    used 5992K, capacity 6420K, committed 6476K, reserved 1048576K
}
Event: 14.212 GC heap after
{Heap after GC invocations=16 (full 0):
 garbage-first heap   total 86016K, used 30201K [0x00000000c0000000, 0x0000000100000000)
  region size 1024K, 4 young (4096K), 4 survivors (4096K)
 Metaspace       used 47081K, capacity 48231K, committed 48460K, reserved 1091584K
  class space    used 5992K, capacity 6420K, committed 6476K, reserved 1048576K
}
Event: 14.819 GC heap before
{Heap before GC invocations=16 (full 0):
 garbage-first heap   total 86016K, used 71161K [0x00000000c0000000, 0x0000000100000000)
  region size 1024K, 37 young (37888K), 4 survivors (4096K)
 Metaspace       used 48674K, capacity 50006K, committed 50252K, reserved 1093632K
  class space    used 6190K, capacity 6630K, committed 6732K, reserved 1048576K
}
Event: 14.828 GC heap after
{Heap after GC invocations=17 (full 0):
 garbage-first heap   total 86016K, used 45869K [0x00000000c0000000, 0x0000000100000000)
  region size 1024K, 5 young (5120K), 5 survivors (5120K)
 Metaspace       used 48674K, capacity 50006K, committed 50252K, reserved 1093632K
  class space    used 6190K, capacity 6630K, committed 6732K, reserved 1048576K
}
Event: 15.129 GC heap before
{Heap before GC invocations=17 (full 0):
 garbage-first heap   total 86016K, used 67373K [0x00000000c0000000, 0x0000000100000000)
  region size 1024K, 26 young (26624K), 5 survivors (5120K)
 Metaspace       used 51655K, capacity 53053K, committed 53196K, reserved 1095680K
  class space    used 6543K, capacity 7027K, committed 7116K, reserved 1048576K
}
Event: 15.135 GC heap after
{Heap after GC invocations=18 (full 0):
 garbage-first heap   total 86016K, used 47104K [0x00000000c0000000, 0x0000000100000000)
  region size 1024K, 1 young (1024K), 1 survivors (1024K)
 Metaspace       used 51655K, capacity 53053K, committed 53196K, reserved 1095680K
  class space    used 6543K, capacity 7027K, committed 7116K, reserved 1048576K
}
Event: 15.531 GC heap before
{Heap before GC invocations=19 (full 0):
 garbage-first heap   total 86016K, used 68608K [0x00000000c0000000, 0x0000000100000000)
  region size 1024K, 22 young (22528K), 1 survivors (1024K)
 Metaspace       used 54818K, capacity 56188K, committed 56396K, reserved 1097728K
  class space    used 6927K, capacity 7433K, committed 7500K, reserved 1048576K
}
Event: 15.535 GC heap after
{Heap after GC invocations=20 (full 0):
 garbage-first heap   total 86016K, used 47534K [0x00000000c0000000, 0x0000000100000000)
  region size 1024K, 2 young (2048K), 2 survivors (2048K)
 Metaspace       used 54818K, capacity 56188K, committed 56396K, reserved 1097728K
  class space    used 6927K, capacity 7433K, committed 7500K, reserved 1048576K
}

Deoptimization events (20 events):
Event: 15.168 Thread 0x0000028efdd67000 Uncommon trap: trap_request=0xffffffde fr.pc=0x0000028ef1108aec relative=0x000000000000052c
Event: 15.168 Thread 0x0000028efdd67000 Uncommon trap: reason=class_check action=maybe_recompile pc=0x0000028ef1108aec method=jdk.internal.ref.PhantomCleanable.clean()V @ 12 c2
Event: 15.168 Thread 0x0000028efdd67000 DEOPT PACKING pc=0x0000028ef1108aec sp=0x00000097981fecf0
Event: 15.168 Thread 0x0000028efdd67000 DEOPT UNPACKING pc=0x0000028ee95478af sp=0x00000097981fecd0 mode 2
Event: 15.305 Thread 0x0000028efeb1e000 DEOPT PACKING pc=0x0000028eea60f6e3 sp=0x0000009798af6830
Event: 15.305 Thread 0x0000028efeb1e000 DEOPT UNPACKING pc=0x0000028ee95476ce sp=0x0000009798af5ce0 mode 0
Event: 15.310 Thread 0x0000028efeb1e000 DEOPT PACKING pc=0x0000028ee9f49a17 sp=0x0000009798af6b30
Event: 15.310 Thread 0x0000028efeb1e000 DEOPT UNPACKING pc=0x0000028ee95476ce sp=0x0000009798af60b8 mode 0
Event: 15.316 Thread 0x0000028efeb1e000 DEOPT PACKING pc=0x0000028ee9f49a17 sp=0x0000009798af6c10
Event: 15.316 Thread 0x0000028efeb1e000 DEOPT UNPACKING pc=0x0000028ee95476ce sp=0x0000009798af6198 mode 0
Event: 15.321 Thread 0x0000028efeb1e000 DEOPT PACKING pc=0x0000028ee9f49a17 sp=0x0000009798af69c0
Event: 15.321 Thread 0x0000028efeb1e000 DEOPT UNPACKING pc=0x0000028ee95476ce sp=0x0000009798af5f48 mode 0
Event: 15.355 Thread 0x0000028efeb1e000 Uncommon trap: trap_request=0xffffff4d fr.pc=0x0000028ef12c0024 relative=0x00000000000001e4
Event: 15.355 Thread 0x0000028efeb1e000 Uncommon trap: reason=unstable_if action=reinterpret pc=0x0000028ef12c0024 method=org.apache.xerces.dom.DeferredDocumentImpl.clearChunkValue([[Ljava/lang/Object;II)Ljava/lang/String; @ 59 c2
Event: 15.355 Thread 0x0000028efeb1e000 DEOPT PACKING pc=0x0000028ef12c0024 sp=0x0000009798af73a0
Event: 15.355 Thread 0x0000028efeb1e000 DEOPT UNPACKING pc=0x0000028ee95478af sp=0x0000009798af7340 mode 2
Event: 15.401 Thread 0x0000028efeb1e000 Uncommon trap: trap_request=0xffffff4d fr.pc=0x0000028ef12991a0 relative=0x0000000000000420
Event: 15.401 Thread 0x0000028efeb1e000 Uncommon trap: reason=unstable_if action=reinterpret pc=0x0000028ef12991a0 method=org.gradle.internal.instantiation.generator.AbstractClassGenerator$InjectionAnnotationValidator.validateMethod(Ljava/lang/reflect/Method;Lorg/gradle/internal/reflect/Propert
Event: 15.401 Thread 0x0000028efeb1e000 DEOPT PACKING pc=0x0000028ef12991a0 sp=0x0000009798af8030
Event: 15.401 Thread 0x0000028efeb1e000 DEOPT UNPACKING pc=0x0000028ee95478af sp=0x0000009798af7ff8 mode 2

Classes redefined (0 events):
No events

Internal exceptions (20 events):
Event: 14.679 Thread 0x0000028e8009e800 Exception <a 'java/lang/NoSuchMethodError'{0x00000000c3b8a068}: <clinit>> (0x00000000c3b8a068) thrown at [./src/hotspot/share/prims/jni.cpp, line 1362]
Event: 14.681 Thread 0x0000028e8009e800 Exception <a 'java/lang/NoSuchMethodError'{0x00000000c3bacad0}: <clinit>> (0x00000000c3bacad0) thrown at [./src/hotspot/share/prims/jni.cpp, line 1362]
Event: 14.681 Thread 0x0000028e8009e800 Exception <a 'java/lang/NoSuchMethodError'{0x00000000c3bade28}: <clinit>> (0x00000000c3bade28) thrown at [./src/hotspot/share/prims/jni.cpp, line 1362]
Event: 14.681 Thread 0x0000028e8009e800 Exception <a 'java/lang/NoSuchMethodError'{0x00000000c3baf390}: <clinit>> (0x00000000c3baf390) thrown at [./src/hotspot/share/prims/jni.cpp, line 1362]
Event: 14.681 Thread 0x0000028e8009e800 Exception <a 'java/lang/NoSuchMethodError'{0x00000000c3bb0610}: <clinit>> (0x00000000c3bb0610) thrown at [./src/hotspot/share/prims/jni.cpp, line 1362]
Event: 14.681 Thread 0x0000028e8009e800 Exception <a 'java/lang/NoSuchMethodError'{0x00000000c3bbad98}: <clinit>> (0x00000000c3bbad98) thrown at [./src/hotspot/share/prims/jni.cpp, line 1362]
Event: 14.682 Thread 0x0000028e8009e800 Exception <a 'java/lang/NoSuchMethodError'{0x00000000c3bc6568}: <clinit>> (0x00000000c3bc6568) thrown at [./src/hotspot/share/prims/jni.cpp, line 1362]
Event: 14.683 Thread 0x0000028e8009e800 Exception <a 'java/lang/NoSuchMethodError'{0x00000000c3bdbe98}: <clinit>> (0x00000000c3bdbe98) thrown at [./src/hotspot/share/prims/jni.cpp, line 1362]
Event: 14.699 Thread 0x0000028efeb1e000 Exception <a 'java/lang/ClassNotFoundException'{0x00000000c3a5bc20}: build_f52wskt1v7lsw18j9tmluo7cpBeanInfo> (0x00000000c3a5bc20) thrown at [./src/hotspot/share/classfile/systemDictionary.cpp, line 231]
Event: 14.699 Thread 0x0000028efeb1e000 Exception <a 'java/lang/ClassNotFoundException'{0x00000000c3a66b48}: build_f52wskt1v7lsw18j9tmluo7cpCustomizer> (0x00000000c3a66b48) thrown at [./src/hotspot/share/classfile/systemDictionary.cpp, line 231]
Event: 14.706 Thread 0x0000028efeb1e000 Exception <a 'java/lang/ClassNotFoundException'{0x00000000c3ae7088}: org/gradle/plugin/use/internal/PluginRequestCollector$PluginDependenciesSpecImplBeanInfo> (0x00000000c3ae7088) thrown at [./src/hotspot/share/classfile/systemDictionary.cpp, line 231]
Event: 14.706 Thread 0x0000028efeb1e000 Exception <a 'java/lang/ClassNotFoundException'{0x00000000c39153f8}: org/gradle/plugin/use/internal/PluginRequestCollector$PluginDependenciesSpecImplCustomizer> (0x00000000c39153f8) thrown at [./src/hotspot/share/classfile/systemDictionary.cpp, line 231]
Event: 14.754 Thread 0x0000028efeb1e000 Exception <a 'java/lang/ClassNotFoundException'{0x00000000c3604760}: org/gradle/api/internal/plugins/DefaultObjectConfigurationActionBeanInfo> (0x00000000c3604760) thrown at [./src/hotspot/share/classfile/systemDictionary.cpp, line 231]
Event: 14.755 Thread 0x0000028efeb1e000 Exception <a 'java/lang/ClassNotFoundException'{0x00000000c3639138}: org/gradle/api/internal/plugins/DefaultObjectConfigurationActionCustomizer> (0x00000000c3639138) thrown at [./src/hotspot/share/classfile/systemDictionary.cpp, line 231]
Event: 14.937 Thread 0x0000028efeb1e000 Exception <a 'java/lang/NoSuchMethodError'{0x00000000c4d29da0}: 'java.lang.Object java.lang.invoke.DirectMethodHandle$Holder.invokeStatic(java.lang.Object, java.lang.Object, java.lang.Object, java.lang.Object, int)'> (0x00000000c4d29da0) thrown at [./src/hotspot/share/interpreter/linkResolver.cpp, line 773]
Event: 14.937 Thread 0x0000028efeb1e000 Exception <a 'java/lang/NoSuchMethodError'{0x00000000c4d2e798}: 'java.lang.Object java.lang.invoke.DirectMethodHandle$Holder.invokeSpecial(java.lang.Object, java.lang.Object, java.lang.Object, java.lang.Object, java.lang.Object, int)'> (0x00000000c4d2e798) thrown at [./src/hotspot/share/interpreter/linkResolver.cpp, line 773]
Event: 14.937 Thread 0x0000028efeb1e000 Exception <a 'java/lang/NoSuchMethodError'{0x00000000c4d32dd8}: 'java.lang.Object java.lang.invoke.Invokers$Holder.linkToTargetMethod(java.lang.Object, java.lang.Object, java.lang.Object, int, java.lang.Object)'> (0x00000000c4d32dd8) thrown at [./src/hotspot/share/interpreter/linkResolver.cpp, line 773]
Event: 15.128 Thread 0x0000028efeb1e000 Exception <a 'java/lang/NoSuchMethodError'{0x00000000c3fea3f0}: 'java.lang.Object java.lang.invoke.DirectMethodHandle$Holder.invokeSpecial(java.lang.Object, java.lang.Object, int, int, java.lang.Object, java.lang.Object, java.lang.Object)'> (0x00000000c3fea3f0) thrown at [./src/hotspot/share/interpreter/linkResolver.cpp, line 773]
Event: 15.129 Thread 0x0000028efeb1e000 Exception <a 'java/lang/NoSuchMethodError'{0x00000000c3fee970}: 'java.lang.Object java.lang.invoke.DelegatingMethodHandle$Holder.reinvoke_L(java.lang.Object, int, int, java.lang.Object, java.lang.Object, java.lang.Object)'> (0x00000000c3fee970) thrown at [./src/hotspot/share/interpreter/linkResolver.cpp, line 773]
Event: 15.390 Thread 0x0000028efeb1e000 Exception <a 'java/lang/NoSuchMethodError'{0x00000000c48d5b78}: 'int java.lang.invoke.DirectMethodHandle$Holder.invokeInterface(java.lang.Object, java.lang.Object, java.lang.Object, java.lang.Object)'> (0x00000000c48d5b78) thrown at [./src/hotspot/share/interpreter/linkResolver.cpp, line 773]

Events (20 events):
Event: 15.599 loading class com/android/build/gradle/internal/profile/AnalyticsUtil
Event: 15.599 loading class com/android/build/gradle/internal/profile/AnalyticsUtil done
Event: 15.602 loading class com/google/protobuf/IntArrayList
Event: 15.602 loading class com/google/protobuf/IntArrayList done
Event: 15.603 loading class com/google/wireless/android/sdk/stats/GradleProjectOptionsSettings$1
Event: 15.603 loading class com/google/wireless/android/sdk/stats/GradleProjectOptionsSettings$1 done
Event: 15.603 loading class com/google/wireless/android/sdk/stats/GradleProjectOptionsSettings$Builder
Event: 15.603 loading class com/google/wireless/android/sdk/stats/GradleProjectOptionsSettings$Builder done
Event: 15.604 loading class com/google/wireless/android/sdk/stats/GradleIntegerOptionEntry
Event: 15.604 loading class com/google/wireless/android/sdk/stats/GradleIntegerOptionEntry done
Event: 15.604 loading class com/google/wireless/android/sdk/stats/GradleIntegerOptionEntryOrBuilder
Event: 15.604 loading class com/google/wireless/android/sdk/stats/GradleIntegerOptionEntryOrBuilder done
Event: 15.640 loading class com/google/wireless/android/sdk/stats/GradleProjectOptionsSettings$Builder
Event: 15.640 loading class com/google/wireless/android/sdk/stats/GradleProjectOptionsSettings$Builder done
Event: 15.640 loading class com/android/build/gradle/options/BooleanOption
Event: 15.640 loading class com/android/build/gradle/options/BooleanOption done
Event: 15.640 loading class com/google/wireless/android/sdk/stats/GradleProjectOptionsSettings$Builder
Event: 15.640 loading class com/google/wireless/android/sdk/stats/GradleProjectOptionsSettings$Builder done
Event: 15.640 loading class com/android/tools/build/gradle/internal/profile/BooleanOption
Event: 15.640 loading class com/android/tools/build/gradle/internal/profile/BooleanOption done


Dynamic libraries:
0x00007ff7545a0000 - 0x00007ff7545aa000 	C:\Program Files\Android\Android Studio\jre\bin\java.exe
0x00007ffe3a130000 - 0x00007ffe3a325000 	C:\Windows\SYSTEM32\ntdll.dll
0x00007ffe38490000 - 0x00007ffe3854e000 	C:\Windows\System32\KERNEL32.DLL
0x00007ffe37d40000 - 0x00007ffe38008000 	C:\Windows\System32\KERNELBASE.dll
0x00007ffe37850000 - 0x00007ffe37950000 	C:\Windows\System32\ucrtbase.dll
0x00007ffe1f910000 - 0x00007ffe1f929000 	C:\Program Files\Android\Android Studio\jre\bin\jli.dll
0x00007ffe39e80000 - 0x00007ffe3a021000 	C:\Windows\System32\USER32.dll
0x00007ffe380a0000 - 0x00007ffe380c2000 	C:\Windows\System32\win32u.dll
0x00007ffe38f80000 - 0x00007ffe38fab000 	C:\Windows\System32\GDI32.dll
0x00007ffe37950000 - 0x00007ffe37a5b000 	C:\Windows\System32\gdi32full.dll
0x00007ffe37af0000 - 0x00007ffe37b8d000 	C:\Windows\System32\msvcp_win.dll
0x00007ffe1e040000 - 0x00007ffe1e057000 	C:\Program Files\Android\Android Studio\jre\bin\VCRUNTIME140.dll
0x00007ffe21ad0000 - 0x00007ffe21d6a000 	C:\Windows\WinSxS\amd64_microsoft.windows.common-controls_6595b64144ccf1df_6.0.19041.1110_none_60b5254171f9507e\COMCTL32.dll
0x00007ffe38550000 - 0x00007ffe385ee000 	C:\Windows\System32\msvcrt.dll
0x00007ffe38380000 - 0x00007ffe383b0000 	C:\Windows\System32\IMM32.DLL
0x00007ffe0d8f0000 - 0x00007ffe0d98d000 	C:\Program Files\Android\Android Studio\jre\bin\msvcp140.dll
0x00007ffe15a10000 - 0x00007ffe164df000 	C:\Program Files\Android\Android Studio\jre\bin\server\jvm.dll
0x00007ffe39b20000 - 0x00007ffe39bcc000 	C:\Windows\System32\ADVAPI32.dll
0x00007ffe38180000 - 0x00007ffe3821b000 	C:\Windows\System32\sechost.dll
0x00007ffe38df0000 - 0x00007ffe38f1a000 	C:\Windows\System32\RPCRT4.dll
0x00007ffe386a0000 - 0x00007ffe386a8000 	C:\Windows\System32\PSAPI.DLL
0x00007ffe28b70000 - 0x00007ffe28b79000 	C:\Windows\SYSTEM32\WSOCK32.dll
0x00007ffe382b0000 - 0x00007ffe3831b000 	C:\Windows\System32\WS2_32.dll
0x00007ffe28c90000 - 0x00007ffe28cb7000 	C:\Windows\SYSTEM32\WINMM.dll
0x00007ffe28bf0000 - 0x00007ffe28bfa000 	C:\Windows\SYSTEM32\VERSION.dll
0x00007ffe35770000 - 0x00007ffe35782000 	C:\Windows\SYSTEM32\kernel.appcore.dll
0x00007ffe2b660000 - 0x00007ffe2b671000 	C:\Program Files\Android\Android Studio\jre\bin\verify.dll
0x00007ffe28f30000 - 0x00007ffe29114000 	C:\Windows\SYSTEM32\DBGHELP.DLL
0x00007ffe28c60000 - 0x00007ffe28c8c000 	C:\Windows\SYSTEM32\dbgcore.DLL
0x00007ffe37a60000 - 0x00007ffe37ae3000 	C:\Windows\System32\bcryptPrimitives.dll
0x00007ffe2afc0000 - 0x00007ffe2afe9000 	C:\Program Files\Android\Android Studio\jre\bin\java.dll
0x00007ffe33360000 - 0x00007ffe3336b000 	C:\Program Files\Android\Android Studio\jre\bin\jimage.dll
0x00007ffe2b010000 - 0x00007ffe2b028000 	C:\Program Files\Android\Android Studio\jre\bin\zip.dll
0x00007ffe386b0000 - 0x00007ffe38def000 	C:\Windows\System32\SHELL32.dll
0x00007ffe35970000 - 0x00007ffe36100000 	C:\Windows\SYSTEM32\windows.storage.dll
0x00007ffe395c0000 - 0x00007ffe39915000 	C:\Windows\System32\combase.dll
0x00007ffe371d0000 - 0x00007ffe371fe000 	C:\Windows\SYSTEM32\Wldp.dll
0x00007ffe385f0000 - 0x00007ffe3869d000 	C:\Windows\System32\SHCORE.dll
0x00007ffe38f20000 - 0x00007ffe38f75000 	C:\Windows\System32\shlwapi.dll
0x00007ffe37790000 - 0x00007ffe377af000 	C:\Windows\SYSTEM32\profapi.dll
0x00007ffe2adf0000 - 0x00007ffe2ae0a000 	C:\Program Files\Android\Android Studio\jre\bin\net.dll
0x00007ffe2d7a0000 - 0x00007ffe2d8ac000 	C:\Windows\SYSTEM32\WINHTTP.dll
0x00007ffe36f30000 - 0x00007ffe36f9a000 	C:\Windows\system32\mswsock.dll
0x00007ffe2add0000 - 0x00007ffe2ade4000 	C:\Program Files\Android\Android Studio\jre\bin\nio.dll
0x00007ffe1ff30000 - 0x00007ffe1ff57000 	C:\Users\Mr. Fathur\.gradle\native\8bec1ad78214c89d9ad589b4d07fe93259594b29d510b10fafb7a158f7737e5d\windows-amd64\native-platform.dll
0x00007ffe0e540000 - 0x00007ffe0e67d000 	C:\Users\Mr. Fathur\.gradle\native\53dbd7edfb1c66fb8903c78663c9afc45aea4f116125fa6feffd364cf09443e8\windows-amd64\native-platform-file-events.dll
0x00007ffe332f0000 - 0x00007ffe332fa000 	C:\Program Files\Android\Android Studio\jre\bin\management.dll
0x00007ffe332c0000 - 0x00007ffe332cc000 	C:\Program Files\Android\Android Studio\jre\bin\management_ext.dll
0x00007ffe37120000 - 0x00007ffe37138000 	C:\Windows\SYSTEM32\CRYPTSP.dll
0x00007ffe368b0000 - 0x00007ffe368e4000 	C:\Windows\system32\rsaenh.dll
0x00007ffe38010000 - 0x00007ffe38037000 	C:\Windows\System32\bcrypt.dll
0x00007ffe37710000 - 0x00007ffe3773e000 	C:\Windows\SYSTEM32\USERENV.dll
0x00007ffe37140000 - 0x00007ffe3714c000 	C:\Windows\SYSTEM32\CRYPTBASE.dll
0x00007ffe36c20000 - 0x00007ffe36c5b000 	C:\Windows\SYSTEM32\IPHLPAPI.DLL
0x00007ffe3a030000 - 0x00007ffe3a038000 	C:\Windows\System32\NSI.dll
0x00007ffe30040000 - 0x00007ffe30057000 	C:\Windows\SYSTEM32\dhcpcsvc6.DLL
0x00007ffe2fc80000 - 0x00007ffe2fc9d000 	C:\Windows\SYSTEM32\dhcpcsvc.DLL
0x00007ffe36cb0000 - 0x00007ffe36d7b000 	C:\Windows\SYSTEM32\DNSAPI.dll

dbghelp: loaded successfully - version: 4.0.5 - missing functions: none
symbol engine: initialized successfully - sym options: 0x614 - pdb path: .;C:\Program Files\Android\Android Studio\jre\bin;C:\Windows\SYSTEM32;C:\Windows\WinSxS\amd64_microsoft.windows.common-controls_6595b64144ccf1df_6.0.19041.1110_none_60b5254171f9507e;C:\Program Files\Android\Android Studio\jre\bin\server;C:\Users\Mr. Fathur\.gradle\native\8bec1ad78214c89d9ad589b4d07fe93259594b29d510b10fafb7a158f7737e5d\windows-amd64;C:\Users\Mr. Fathur\.gradle\native\53dbd7edfb1c66fb8903c78663c9afc45aea4f116125fa6feffd364cf09443e8\windows-amd64

VM Arguments:
jvm_args: --add-opens=java.base/java.util=ALL-UNNAMED --add-opens=java.base/java.lang=ALL-UNNAMED --add-opens=java.base/java.lang.invoke=ALL-UNNAMED --add-opens=java.base/java.util=ALL-UNNAMED --add-opens=java.prefs/java.util.prefs=ALL-UNNAMED --add-opens=java.prefs/java.util.prefs=ALL-UNNAMED --add-opens=java.base/java.nio.charset=ALL-UNNAMED --add-opens=java.base/java.net=ALL-UNNAMED --add-opens=java.base/java.util.concurrent.atomic=ALL-UNNAMED -Xmx1024m -Dfile.encoding=UTF-8 -Duser.country=ID -Duser.language=en -Duser.variant 
java_command: org.gradle.launcher.daemon.bootstrap.GradleDaemon 7.0.2
java_class_path (initial): C:\Users\Mr. Fathur\.gradle\wrapper\dists\gradle-7.0.2-bin\857tjihv64xamwrf0h14cai3r\gradle-7.0.2\lib\gradle-launcher-7.0.2.jar
Launcher Type: SUN_STANDARD

[Global flags]
     intx CICompilerCount                          = 2                                         {product} {ergonomic}
     uint ConcGCThreads                            = 1                                         {product} {ergonomic}
     uint G1ConcRefinementThreads                  = 2                                         {product} {ergonomic}
   size_t G1HeapRegionSize                         = 1048576                                   {product} {ergonomic}
    uintx GCDrainStackTargetSize                   = 64                                        {product} {ergonomic}
   size_t InitialHeapSize                          = 73400320                                  {product} {ergonomic}
   size_t MarkStackSize                            = 4194304                                   {product} {ergonomic}
   size_t MaxHeapSize                              = 1073741824                                {product} {command line}
   size_t MaxNewSize                               = 643825664                                 {product} {ergonomic}
   size_t MinHeapDeltaBytes                        = 1048576                                   {product} {ergonomic}
    uintx NonNMethodCodeHeapSize                   = 5825164                                {pd product} {ergonomic}
    uintx NonProfiledCodeHeapSize                  = 122916538                              {pd product} {ergonomic}
    uintx ProfiledCodeHeapSize                     = 122916538                              {pd product} {ergonomic}
    uintx ReservedCodeCacheSize                    = 251658240                              {pd product} {ergonomic}
     bool SegmentedCodeCache                       = true                                      {product} {ergonomic}
     bool UseCompressedClassPointers               = true                                 {lp64_product} {ergonomic}
     bool UseCompressedOops                        = true                                 {lp64_product} {ergonomic}
     bool UseG1GC                                  = true                                      {product} {ergonomic}
     bool UseLargePagesIndividualAllocation        = false                                  {pd product} {ergonomic}

Logging:
Log output configuration:
 #0: stdout all=warning uptime,level,tags
 #1: stderr all=off uptime,level,tags

Environment Variables:
JAVA_HOME=C:\OpenJDK\openjdk-8u302-b08
PATH=C:\Windows\system32;C:\Windows;C:\Windows\System32\Wbem;C:\Windows\System32\WindowsPowerShell\v1.0\;C:\Windows\System32\OpenSSH\;C:\Program Files\Git\cmd;C:\Users\Public\Android\SDK\platforms;C:\Users\Public\Android\SDK\platform-tools;C:\Program Files\nodejs;C:\Users\Mr. Fathur\AppData\Local\Microsoft\WindowsApps;C:\Users\Mr. Fathur\AppData\Local\Programs\Microsoft VS Code\bin;C:\src\flutter\bin;
USERNAME=Mr. Fathur
OS=Windows_NT
PROCESSOR_IDENTIFIER=Intel64 Family 6 Model 165 Stepping 5, GenuineIntel



---------------  S Y S T E M  ---------------

OS: Windows 10 , 64 bit Build 19041 (10.0.19041.1348)
OS uptime: 0 days 0:48 hours
VMWare virtualization detected

CPU:total 2 (initial active 2) (1 cores per cpu, 1 threads per core) family 6 model 165 stepping 5 microcode 0xca, cmov, cx8, fxsr, mmx, sse, sse2, sse3, ssse3, sse4.1, sse4.2, popcnt, avx, avx2, aes, clmul, erms, 3dnowpref, lzcnt, tsc, tscinvbit, bmi1, bmi2, adx, fma

Memory: 4k page, system-wide physical 4387M (137M free)
TotalPageFile size 5859M (AvailPageFile size 3M)
current process WorkingSet (physical memory assigned to process): 242M, peak: 242M
current process commit charge ("private bytes"): 277M, peak: 277M

vm_info: OpenJDK 64-Bit Server VM (11.0.10+0-b96-7249189) for windows-amd64 JRE (11.0.10+0-b96-7249189), built on Mar 31 2021 21:44:00 by "builder" with MS VC++ 14.0 (VS2015)

END.
